This is pdfTeX, Version 3.1415926-2.4-1.40.13 (TeX Live 2012) (format=pdflatex 2012.6.30)  8 DEC 2013 22:37
entering extended mode
 restricted \write18 enabled.
 %&-line parsing enabled.
**_3_ECbettingStrategyReport_20131208.tex
(./_3_ECbettingStrategyReport_20131208.tex
LaTeX2e <2011/06/27>
Babel <v3.8m> and hyphenation patterns for english, dumylang, nohyphenation, ge
rman-x-2012-05-30, ngerman-x-2012-05-30, afrikaans, ancientgreek, ibycus, arabi
c, armenian, basque, bulgarian, catalan, pinyin, coptic, croatian, czech, danis
h, dutch, ukenglish, usenglishmax, esperanto, estonian, ethiopic, farsi, finnis
h, french, friulan, galician, german, ngerman, swissgerman, monogreek, greek, h
ungarian, icelandic, assamese, bengali, gujarati, hindi, kannada, malayalam, ma
rathi, oriya, panjabi, tamil, telugu, indonesian, interlingua, irish, italian, 
kurmanji, latin, latvian, lithuanian, mongolian, mongolianlmc, bokmal, nynorsk,
 polish, portuguese, romanian, romansh, russian, sanskrit, serbian, serbianc, s
lovak, slovenian, spanish, swedish, turkish, turkmen, ukrainian, uppersorbian, 
welsh, loaded.
(/usr/local/texlive/2012/texmf-dist/tex/latex/base/article.cls
Document Class: article 2007/10/19 v1.4h Standard LaTeX document class
(/usr/local/texlive/2012/texmf-dist/tex/latex/base/size10.clo
File: size10.clo 2007/10/19 v1.4h Standard LaTeX file (size option)
)
\c@part=\count79
\c@section=\count80
\c@subsection=\count81
\c@subsubsection=\count82
\c@paragraph=\count83
\c@subparagraph=\count84
\c@figure=\count85
\c@table=\count86
\abovecaptionskip=\skip41
\belowcaptionskip=\skip42
\bibindent=\dimen102
)
(/usr/local/texlive/2012/texmf-dist/tex/latex/graphics/graphicx.sty
Package: graphicx 1999/02/16 v1.0f Enhanced LaTeX Graphics (DPC,SPQR)

(/usr/local/texlive/2012/texmf-dist/tex/latex/graphics/keyval.sty
Package: keyval 1999/03/16 v1.13 key=value parser (DPC)
\KV@toks@=\toks14
)
(/usr/local/texlive/2012/texmf-dist/tex/latex/graphics/graphics.sty
Package: graphics 2009/02/05 v1.0o Standard LaTeX Graphics (DPC,SPQR)

(/usr/local/texlive/2012/texmf-dist/tex/latex/graphics/trig.sty
Package: trig 1999/03/16 v1.09 sin cos tan (DPC)
)
(/usr/local/texlive/2012/texmf-dist/tex/latex/latexconfig/graphics.cfg
File: graphics.cfg 2010/04/23 v1.9 graphics configuration of TeX Live
)
Package graphics Info: Driver file: pdftex.def on input line 91.

(/usr/local/texlive/2012/texmf-dist/tex/latex/pdftex-def/pdftex.def
File: pdftex.def 2011/05/27 v0.06d Graphics/color for pdfTeX

(/usr/local/texlive/2012/texmf-dist/tex/generic/oberdiek/infwarerr.sty
Package: infwarerr 2010/04/08 v1.3 Providing info/warning/error messages (HO)
)
(/usr/local/texlive/2012/texmf-dist/tex/generic/oberdiek/ltxcmds.sty
Package: ltxcmds 2011/11/09 v1.22 LaTeX kernel commands for general use (HO)
)
\Gread@gobject=\count87
))
\Gin@req@height=\dimen103
\Gin@req@width=\dimen104
)
(/usr/local/texlive/2012/texmf-dist/tex/latex/graphics/color.sty
Package: color 2005/11/14 v1.0j Standard LaTeX Color (DPC)

(/usr/local/texlive/2012/texmf-dist/tex/latex/latexconfig/color.cfg
File: color.cfg 2007/01/18 v1.5 color configuration of teTeX/TeXLive
)
Package color Info: Driver file: pdftex.def on input line 130.
)
(/usr/local/texlive/2012/texmf-dist/tex/latex/framed/framed.sty
Package: framed 2011/10/22 v 0.96: framed or shaded text with page breaks
\OuterFrameSep=\skip43
\fb@frw=\dimen105
\fb@frh=\dimen106
\FrameRule=\dimen107
\FrameSep=\dimen108
)
(/usr/local/texlive/2012/texmf-dist/tex/latex/base/alltt.sty
Package: alltt 1997/06/16 v2.0g defines alltt environment
)
(/usr/local/texlive/2012/texmf-dist/tex/latex/upquote/upquote.sty
Package: upquote 2012/04/19 v1.3 upright-quote and grave-accent glyphs in verba
tim
)
(./_3_ECbettingStrategyReport_20131208.aux)
\openout1 = `_3_ECbettingStrategyReport_20131208.aux'.

LaTeX Font Info:    Checking defaults for OML/cmm/m/it on input line 67.
LaTeX Font Info:    ... okay on input line 67.
LaTeX Font Info:    Checking defaults for T1/cmr/m/n on input line 67.
LaTeX Font Info:    ... okay on input line 67.
LaTeX Font Info:    Checking defaults for OT1/cmr/m/n on input line 67.
LaTeX Font Info:    ... okay on input line 67.
LaTeX Font Info:    Checking defaults for OMS/cmsy/m/n on input line 67.
LaTeX Font Info:    ... okay on input line 67.
LaTeX Font Info:    Checking defaults for OMX/cmex/m/n on input line 67.
LaTeX Font Info:    ... okay on input line 67.
LaTeX Font Info:    Checking defaults for U/cmr/m/n on input line 67.
LaTeX Font Info:    ... okay on input line 67.

(/usr/local/texlive/2012/texmf-dist/tex/context/base/supp-pdf.mkii
[Loading MPS to PDF converter (version 2006.09.02).]
\scratchcounter=\count88
\scratchdimen=\dimen109
\scratchbox=\box26
\nofMPsegments=\count89
\nofMParguments=\count90
\everyMPshowfont=\toks15
\MPscratchCnt=\count91
\MPscratchDim=\dimen110
\MPnumerator=\count92
\makeMPintoPDFobject=\count93
\everyMPtoPDFconversion=\toks16
) (/usr/local/texlive/2012/texmf-dist/tex/generic/oberdiek/pdftexcmds.sty
Package: pdftexcmds 2011/11/29 v0.20 Utility functions of pdfTeX for LuaTeX (HO
)

(/usr/local/texlive/2012/texmf-dist/tex/generic/oberdiek/ifluatex.sty
Package: ifluatex 2010/03/01 v1.3 Provides the ifluatex switch (HO)
Package ifluatex Info: LuaTeX not detected.
)
(/usr/local/texlive/2012/texmf-dist/tex/generic/oberdiek/ifpdf.sty
Package: ifpdf 2011/01/30 v2.3 Provides the ifpdf switch (HO)
Package ifpdf Info: pdfTeX in PDF mode is detected.
)
Package pdftexcmds Info: LuaTeX not detected.
Package pdftexcmds Info: \pdf@primitive is available.
Package pdftexcmds Info: \pdf@ifprimitive is available.
Package pdftexcmds Info: \pdfdraftmode found.
)
(/usr/local/texlive/2012/texmf-dist/tex/latex/oberdiek/epstopdf-base.sty
Package: epstopdf-base 2010/02/09 v2.5 Base part for package epstopdf

(/usr/local/texlive/2012/texmf-dist/tex/latex/oberdiek/grfext.sty
Package: grfext 2010/08/19 v1.1 Manage graphics extensions (HO)

(/usr/local/texlive/2012/texmf-dist/tex/generic/oberdiek/kvdefinekeys.sty
Package: kvdefinekeys 2011/04/07 v1.3 Define keys (HO)
))
(/usr/local/texlive/2012/texmf-dist/tex/latex/oberdiek/kvoptions.sty
Package: kvoptions 2011/06/30 v3.11 Key value format for package options (HO)

(/usr/local/texlive/2012/texmf-dist/tex/generic/oberdiek/kvsetkeys.sty
Package: kvsetkeys 2012/04/25 v1.16 Key value parser (HO)

(/usr/local/texlive/2012/texmf-dist/tex/generic/oberdiek/etexcmds.sty
Package: etexcmds 2011/02/16 v1.5 Avoid name clashes with e-TeX commands (HO)
Package etexcmds Info: Could not find \expanded.
(etexcmds)             That can mean that you are not using pdfTeX 1.50 or
(etexcmds)             that some package has redefined \expanded.
(etexcmds)             In the latter case, load this package earlier.
)))
Package grfext Info: Graphics extension search list:
(grfext)             [.png,.pdf,.jpg,.mps,.jpeg,.jbig2,.jb2,.PNG,.PDF,.JPG,.JPE
G,.JBIG2,.JB2,.eps]
(grfext)             \AppendGraphicsExtensions on input line 452.

(/usr/local/texlive/2012/texmf-dist/tex/latex/latexconfig/epstopdf-sys.cfg
File: epstopdf-sys.cfg 2010/07/13 v1.3 Configuration of (r)epstopdf for TeX Liv
e
))
LaTeX Font Info:    External font `cmex10' loaded for size
(Font)              <17.28> on input line 71.
LaTeX Font Info:    External font `cmex10' loaded for size
(Font)              <12> on input line 71.
LaTeX Font Info:    External font `cmex10' loaded for size
(Font)              <8> on input line 71.
LaTeX Font Info:    External font `cmex10' loaded for size
(Font)              <6> on input line 71.
LaTeX Font Info:    External font `cmex10' loaded for size
(Font)              <9> on input line 76.
LaTeX Font Info:    External font `cmex10' loaded for size
(Font)              <5> on input line 76.

[1

{/usr/local/texlive/2012/texmf-var/fonts/map/pdftex/updmap/pdftex.map}]
Package color Info: Redefining color shadecolor on input line 108.

<figure/plot1.pdf, id=13, 505.89pt x 505.89pt>
File: figure/plot1.pdf Graphic file (type pdf)
 <use figure/plot1.pdf>
Package pdftex.def Info: figure/plot1.pdf used on input line 109.
(pdftex.def)             Requested size: 345.0pt x 345.00414pt.
 [2 <./figure/plot1.pdf>] [3]
Package color Info: Redefining color shadecolor on input line 134.
 <figure/unnamed-chunk-1.pdf, id=26, 505.89pt x 505.89pt>
File: figure/unnamed-chunk-1.pdf Graphic file (type pdf)

<use figure/unnamed-chunk-1.pdf>
Package pdftex.def Info: figure/unnamed-chunk-1.pdf used on input line 135.
(pdftex.def)             Requested size: 345.0pt x 345.00414pt.
 [4 <./figure/unnamed-chunk-1.pdf>]
Package color Info: Redefining color shadecolor on input line 164.

<figure/unnamed-chunk-2.pdf, id=37, 505.89pt x 505.89pt>
File: figure/unnamed-chunk-2.pdf Graphic file (type pdf)

<use figure/unnamed-chunk-2.pdf>
Package pdftex.def Info: figure/unnamed-chunk-2.pdf used on input line 165.
(pdftex.def)             Requested size: 345.0pt x 345.00414pt.

Overfull \hbox (15.0pt too wide) in paragraph at lines 165--166
[][] 
 []

[5] [6 <./figure/unnamed-chunk-2.pdf>]
Package color Info: Redefining color shadecolor on input line 184.

<figure/graph3.pdf, id=50, 505.89pt x 505.89pt>
File: figure/graph3.pdf Graphic file (type pdf)
 <use figure/graph3.pdf>
Package pdftex.def Info: figure/graph3.pdf used on input line 185.
(pdftex.def)             Requested size: 345.0pt x 345.00414pt.
LaTeX Font Info:    External font `cmex10' loaded for size
(Font)              <7> on input line 195.

Overfull \hbox (53.13483pt too wide) in paragraph at lines 195--218
 [][] 
 []

[7 <./figure/graph3.pdf>] [8]
Overfull \hbox (10.94319pt too wide) in paragraph at lines 300--300
[]\OT1/cmr/bx/n/12 Probability of Win-ning the Bovine Euro Cup Auction$[]$ 
 []

[9]
Package color Info: Redefining color shadecolor on input line 311.
 <figure/unnamed-chunk-4.pdf, id=68, 505.89pt x 505.89pt>
File: figure/unnamed-chunk-4.pdf Graphic file (type pdf)

<use figure/unnamed-chunk-4.pdf>
Package pdftex.def Info: figure/unnamed-chunk-4.pdf used on input line 312.
(pdftex.def)             Requested size: 345.0pt x 345.00414pt.

Overfull \hbox (15.0pt too wide) in paragraph at lines 312--313
[][] 
 []


Overfull \hbox (20.29446pt too wide) in paragraph at lines 317--317
[]\OT1/cmr/bx/n/12 In-Depth Anal-y-sis of the Euro Cup Out-comes by Auction-
 []

Package color Info: Redefining color shadecolor on input line 325.
<figure/unnamed-chunk-5.pdf, id=69, 505.89pt x 505.89pt> [10 <./figure/unnamed-
chunk-4.pdf>]
File: figure/unnamed-chunk-5.pdf Graphic file (type pdf)
 <use figure/unnamed-chunk-5.pdf>
Package pdftex.def Info: figure/unnamed-chunk-5.pdf used on input line 326.
(pdftex.def)             Requested size: 345.0pt x 345.00414pt.

Overfull \hbox (15.0pt too wide) in paragraph at lines 326--327
[][] 
 []

[11 <./figure/unnamed-chunk-5.pdf>] (./_3_ECbettingStrategyReport_20131208.aux)
 ) 
Here is how much of TeX's memory you used:
 1675 strings out of 493488
 24742 string characters out of 3141326
 90659 words of memory out of 3000000
 4964 multiletter control sequences out of 15000+200000
 10039 words of font info for 35 fonts, out of 3000000 for 9000
 957 hyphenation exceptions out of 8191
 38i,8n,23p,1190b,277s stack positions out of 5000i,500n,10000p,200000b,50000s
</usr/local/texlive/2012/texmf-dist/fonts/type1/public/amsfonts/cm/cmbx10.pfb
></usr/local/texlive/2012/texmf-dist/fonts/type1/public/amsfonts/cm/cmbx12.pfb>
</usr/local/texlive/2012/texmf-dist/fonts/type1/public/amsfonts/cm/cmbx8.pfb></
usr/local/texlive/2012/texmf-dist/fonts/type1/public/amsfonts/cm/cmbx9.pfb></us
r/local/texlive/2012/texmf-dist/fonts/type1/public/amsfonts/cm/cmr10.pfb></usr/
local/texlive/2012/texmf-dist/fonts/type1/public/amsfonts/cm/cmr12.pfb></usr/lo
cal/texlive/2012/texmf-dist/fonts/type1/public/amsfonts/cm/cmr17.pfb></usr/loca
l/texlive/2012/texmf-dist/fonts/type1/public/amsfonts/cm/cmr6.pfb></usr/local/t
exlive/2012/texmf-dist/fonts/type1/public/amsfonts/cm/cmr7.pfb></usr/local/texl
ive/2012/texmf-dist/fonts/type1/public/amsfonts/cm/cmr9.pfb>
Output written on _3_ECbettingStrategyReport_20131208.pdf (11 pages, 189430 byt
es).
PDF statistics:
 122 PDF objects out of 1000 (max. 8388607)
 85 compressed objects within 1 object stream
 0 named destinations out of 1000 (max. 500000)
 31 words of extra memory for PDF output out of 10000 (max. 10000000)

